============================================================
CHECK: backend:test
TIME:  2026-04-20 20:34:57
CMD:   cd backend && npm run test:run
------------------------------------------------------------

> chon-cinehome-backend@0.1.0 test:run
> vitest run


[1m[46m RUN [49m[22m [36mv4.1.1 [39m[90m/home/tav/Documents/xproject-homestay/backend[39m


[2m Test Files [22m [1m[32m3 passed[39m[22m[90m (3)[39m
[2m      Tests [22m [1m[32m53 passed[39m[22m[90m (53)[39m
[2m   Start at [22m 20:34:58
[2m   Duration [22m 194ms[2m (transform 125ms, setup 0ms, import 167ms, tests 19ms, environment 0ms)[22m


============================================================
CHECK: frontend:test
TIME:  2026-04-20 20:34:58
CMD:   cd frontend && npm run test:run
------------------------------------------------------------

> frontend@0.0.0 test:run
> vitest run


[1m[46m RUN [49m[22m [36mv4.1.1 [39m[90m/home/tav/Documents/xproject-homestay/frontend[39m


[2m Test Files [22m [1m[32m1 passed[39m[22m[90m (1)[39m
[2m      Tests [22m [1m[32m21 passed[39m[22m[90m (21)[39m
[2m   Start at [22m 20:34:59
[2m   Duration [22m 827ms[2m (transform 48ms, setup 66ms, import 32ms, tests 20ms, environment 589ms)[22m


============================================================
CHECK: backend:build
TIME:  2026-04-20 20:34:59
CMD:   cd backend && npm run build
------------------------------------------------------------

> chon-cinehome-backend@0.1.0 build
> tsc


============================================================
CHECK: frontend:build
TIME:  2026-04-20 20:35:03
CMD:   cd frontend && npm run build
------------------------------------------------------------

> frontend@0.0.0 build
> tsc -b && vite build

vite v7.3.1 building client environment for production...
transforming...
✓ 3478 modules transformed.
rendering chunks...
computing gzip size...
dist/index.html                   1.57 kB │ gzip:   0.71 kB
dist/assets/pepsi-CuuYVOwX.png   12.21 kB
dist/assets/index-BZi-IPOw.css  100.12 kB │ gzip:  16.57 kB
dist/assets/vendor-DlM37L41.js   44.54 kB │ gzip:  16.05 kB │ map:   452.21 kB
dist/assets/ui-BCxzHLTa.js      127.49 kB │ gzip:  35.56 kB │ map:   652.12 kB
dist/assets/charts-d-7bmipa.js  342.08 kB │ gzip: 102.66 kB │ map: 1,788.51 kB
dist/assets/index-CcVH7Srg.js   830.79 kB │ gzip: 243.22 kB │ map: 3,641.94 kB

(!) Some chunks are larger than 500 kB after minification. Consider:
- Using dynamic import() to code-split the application
- Use build.rollupOptions.output.manualChunks to improve chunking: https://rollupjs.org/configuration-options/#output-manualchunks
- Adjust chunk size limit for this warning via build.chunkSizeWarningLimit.
✓ built in 6.67s

============================================================
CHECK: frontend:lint
TIME:  2026-04-20 20:35:15
CMD:   cd frontend && npm run lint
------------------------------------------------------------

> frontend@0.0.0 lint
> eslint .


/home/tav/Documents/xproject-homestay/frontend/src/components/ui/badge.tsx
  54:14  error  Fast refresh only works when a file only exports components. Use a new file to share constants or functions between components  react-refresh/only-export-components
  61:17  error  Fast refresh only works when a file only exports components. Use a new file to share constants or functions between components  react-refresh/only-export-components

/home/tav/Documents/xproject-homestay/frontend/src/components/ui/tabs.tsx
  89:52  error  Fast refresh only works when a file only exports components. Use a new file to share constants or functions between components  react-refresh/only-export-components

✖ 3 problems (3 errors, 0 warnings)


